  GameObj.cpp
c:\users\s171162\desktop\projects\aiebootstrap\project2d\gameobj.cpp(13): warning C4244: 'argument': conversion from 'time_t' to 'unsigned int', possible loss of data
c:\users\s171162\desktop\projects\aiebootstrap\project2d\gameobj.cpp(27): warning C4244: '+=': conversion from 'float' to 'int', possible loss of data
c:\users\s171162\desktop\projects\aiebootstrap\project2d\gameobj.cpp(37): warning C4244: 'argument': conversion from 'int' to 'float', possible loss of data
c:\users\s171162\desktop\projects\aiebootstrap\project2d\gameobj.cpp(38): warning C4244: 'argument': conversion from 'double' to 'float', possible loss of data
c:\users\s171162\desktop\projects\aiebootstrap\project2d\resource.h(14): error C2661: 'ObjectPool::ObjectPool': no overloaded function takes 2 arguments
  c:\users\s171162\desktop\projects\aiebootstrap\project2d\resource.h(8): note: while compiling class template member function 'resource<t>::resource(char *,int)'
          with
          [
              t=ObjectPool
          ]
  c:\users\s171162\desktop\projects\aiebootstrap\project2d\resourcemanag.h(21): note: see reference to function template instantiation 'resource<t>::resource(char *,int)' being compiled
          with
          [
              t=ObjectPool
          ]
  c:\users\s171162\desktop\projects\aiebootstrap\project2d\resourcemanag.h(16): note: see reference to class template instantiation 'resource<t>' being compiled
          with
          [
              t=ObjectPool
          ]
  c:\users\s171162\desktop\projects\aiebootstrap\project2d\resourcemanag.h(13): note: while compiling class template member function 'ObjectPool *resourceManag<ObjectPool>::loadResource(char *,int)'
  c:\users\s171162\desktop\projects\aiebootstrap\project2d\gameobj.cpp(16): note: see reference to function template instantiation 'ObjectPool *resourceManag<ObjectPool>::loadResource(char *,int)' being compiled
  c:\users\s171162\desktop\projects\aiebootstrap\project2d\gameobj.cpp(15): note: see reference to class template instantiation 'resourceManag<ObjectPool>' being compiled
  Generating Code...
  Compiling...
  Application2D.cpp
  Generating Code...
  Compiling...
  GameState.cpp
  Generating Code...
